'EXPERIMENT 5/25, data=('3476', 1, 30, 0.0001, 32), file=conj_5' 
'EXPERIMENT 6/25, data=('3476', 2, 30, 0.01, 32), file=conj_5' 
'EXPERIMENT 7/25, data=('3476', 2, 30, 0.001, 32), file=conj_5' 
'EXPERIMENT 8/25, data=('3476', 2, 30, 0.0001, 32), file=conj_5' 
'EXPERIMENT 9/25, data=('3476', 3, 30, 0.01, 32), file=conj_5' 
'EXPERIMENT 10/25, data=('3476', 3, 30, 0.001, 32), file=conj_5' 
'EXPERIMENT 11/25, data=('3476', 3, 30, 0.0001, 32), file=conj_5' 
'EXPERIMENT 12/25, data=('3476', 4, 30, 0.01, 32), file=conj_5' 
'EXPERIMENT 13/25, data=('3476', 4, 30, 0.001, 32), file=conj_5' 
'EXPERIMENT 14/25, data=('3476', 4, 30, 0.0001, 32), file=conj_5' 
'EXPERIMENT 15/25, data=('3476', 5, 30, 0.01, 32), file=conj_5' 
'EXPERIMENT 16/25, data=('3476', 5, 30, 0.001, 32), file=conj_5' 
'EXPERIMENT 17/25, data=('3476', 5, 30, 0.0001, 32), file=conj_5' 
'EXPERIMENT 18/25, data=('3476', 6, 30, 0.01, 32), file=conj_5' 
'EXPERIMENT 19/25, data=('3476', 6, 30, 0.001, 32), file=conj_5' 
'EXPERIMENT 20/25, data=('3476', 6, 30, 0.0001, 32), file=conj_5' 
'EXPERIMENT 21/25, data=('3476', 7, 30, 0.01, 32), file=conj_5' 
'EXPERIMENT 22/25, data=('3476', 7, 30, 0.001, 32), file=conj_5' 
'EXPERIMENT 23/25, data=('3476', 7, 30, 0.0001, 32), file=conj_5' 
'EXPERIMENT 24/25, data=('3476', 8, 30, 0.01, 32), file=conj_5' 
'EXPERIMENT 25/25, data=('3476', 8, 30, 0.001, 32), file=conj_5' 
'EXPERIMENT 26/25, data=('3476', 8, 30, 0.0001, 32), file=conj_5' 
'EXPERIMENT 27/25, data=('3476', 9, 30, 0.01, 32), file=conj_5' 
'EXPERIMENT 28/25, data=('3476', 9, 30, 0.001, 32), file=conj_5' 
'EXPERIMENT 29/25, data=('3476', 9, 30, 0.0001, 32), file=conj_5' 
'EXPERIMENT 5/25, data=('3358', 1, 29, 0.0001, 32), file=conj_6' 
'EXPERIMENT 0/1644062456.280084, data=('3358', 0, 29, 0.01, 32), file=conj_6' 
'EXPERIMENT 0/1644062472.875442, data=('3358', 0, 32, 0.01, 32), file=conj_6' 
'EXPERIMENT 1/1644062472.875442, data=('3358', 0, 32, 0.001, 32), file=conj_6' 
'EXPERIMENT 2/1644062472.875442, data=('3358', 0, 32, 0.0001, 32), file=conj_6' 
'EXPERIMENT 3/1644062472.875442, data=('3358', 1, 32, 0.01, 32), file=conj_6' 
'EXPERIMENT 4/1644062472.875442, data=('3358', 1, 32, 0.001, 32), file=conj_6' 
'EXPERIMENT 5/1644062472.875442, data=('3358', 1, 32, 0.0001, 32), file=conj_6' 
'EXPERIMENT 6/1644062472.875442, data=('3358', 2, 32, 0.01, 32), file=conj_6' 
'EXPERIMENT 7/1644062472.875442, data=('3358', 2, 32, 0.001, 32), file=conj_6' 
'EXPERIMENT 8/1644062472.875442, data=('3358', 2, 32, 0.0001, 32), file=conj_6' 
'EXPERIMENT 9/1644062472.875442, data=('3358', 3, 32, 0.01, 32), file=conj_6' 
'EXPERIMENT 10/1644062472.875442, data=('3358', 3, 32, 0.001, 32), file=conj_6' 
'EXPERIMENT 11/1644062472.875442, data=('3358', 3, 32, 0.0001, 32), file=conj_6' 
'EXPERIMENT 12/1644062472.875442, data=('3358', 4, 32, 0.01, 32), file=conj_6' 
'EXPERIMENT 13/1644062472.875442, data=('3358', 4, 32, 0.001, 32), file=conj_6' 
'EXPERIMENT 14/1644062472.875442, data=('3358', 4, 32, 0.0001, 32), file=conj_6' 
'EXPERIMENT 15/1644062472.875442, data=('3358', 5, 32, 0.01, 32), file=conj_6' 
'EXPERIMENT 16/1644062472.875442, data=('3358', 5, 32, 0.001, 32), file=conj_6' 
'EXPERIMENT 17/1644062472.875442, data=('3358', 5, 32, 0.0001, 32), file=conj_6' 
'EXPERIMENT 18/1644062472.875442, data=('3358', 6, 32, 0.01, 32), file=conj_6' 
'EXPERIMENT 19/1644062472.875442, data=('3358', 6, 32, 0.001, 32), file=conj_6' 
'EXPERIMENT 20/1644062472.875442, data=('3358', 6, 32, 0.0001, 32), file=conj_6' 
'EXPERIMENT 21/1644062472.875442, data=('3358', 7, 32, 0.01, 32), file=conj_6' 
'EXPERIMENT 22/1644062472.875442, data=('3358', 7, 32, 0.001, 32), file=conj_6' 
'EXPERIMENT 23/1644062472.875442, data=('3358', 7, 32, 0.0001, 32), file=conj_6' 
'EXPERIMENT 24/1644062472.875442, data=('3358', 8, 32, 0.01, 32), file=conj_6' 
'EXPERIMENT 25/1644062472.875442, data=('3358', 8, 32, 0.001, 32), file=conj_6' 
'EXPERIMENT 26/1644062472.875442, data=('3358', 8, 32, 0.0001, 32), file=conj_6' 
'EXPERIMENT 27/1644062472.875442, data=('3358', 9, 32, 0.01, 32), file=conj_6' 
'EXPERIMENT 28/1644062472.875442, data=('3358', 9, 32, 0.001, 32), file=conj_6' 
'EXPERIMENT 29/1644062472.875442, data=('3358', 9, 32, 0.0001, 32), file=conj_6' 
'EXPERIMENT 0/1644174435.2206404, data=('3386', 0, 30, 0.01, 32), file=conj_7' 
'EXPERIMENT 0/30, data=('3386', 0, 30, 0.01, 32), file=conj_7' 
'EXPERIMENT 1/30, data=('3386', 0, 30, 0.001, 32), file=conj_7' 
'EXPERIMENT 2/30, data=('3386', 0, 30, 0.0001, 32), file=conj_7' 
'EXPERIMENT 3/30, data=('3386', 1, 30, 0.01, 32), file=conj_7' 
'EXPERIMENT 0/30, data=('3386', 0, 33, 0.01, 32), file=conj_7' 
'EXPERIMENT 1/30, data=('3386', 0, 33, 0.001, 32), file=conj_7' 
'EXPERIMENT 2/30, data=('3386', 0, 33, 0.0001, 32), file=conj_7' 
'EXPERIMENT 3/30, data=('3386', 1, 33, 0.01, 32), file=conj_7' 
'EXPERIMENT 4/30, data=('3386', 1, 33, 0.001, 32), file=conj_7' 
'EXPERIMENT 5/30, data=('3386', 1, 33, 0.0001, 32), file=conj_7' 
'EXPERIMENT 6/30, data=('3386', 2, 33, 0.01, 32), file=conj_7' 
'EXPERIMENT 7/30, data=('3386', 2, 33, 0.001, 32), file=conj_7' 
'EXPERIMENT 8/30, data=('3386', 2, 33, 0.0001, 32), file=conj_7' 
'EXPERIMENT 9/30, data=('3386', 3, 33, 0.01, 32), file=conj_7' 
'EXPERIMENT 10/30, data=('3386', 3, 33, 0.001, 32), file=conj_7' 
'EXPERIMENT 11/30, data=('3386', 3, 33, 0.0001, 32), file=conj_7' 
'EXPERIMENT 12/30, data=('3386', 4, 33, 0.01, 32), file=conj_7' 
'EXPERIMENT 13/30, data=('3386', 4, 33, 0.001, 32), file=conj_7' 
'EXPERIMENT 14/30, data=('3386', 4, 33, 0.0001, 32), file=conj_7' 
'EXPERIMENT 15/30, data=('3386', 5, 33, 0.01, 32), file=conj_7' 
'EXPERIMENT 16/30, data=('3386', 5, 33, 0.001, 32), file=conj_7' 
'EXPERIMENT 17/30, data=('3386', 5, 33, 0.0001, 32), file=conj_7' 
'EXPERIMENT 18/30, data=('3386', 6, 33, 0.01, 32), file=conj_7' 
'EXPERIMENT 0/30, data=('2997', 0, 54, 0.01, 32), file=damp_conj_7' 
'EXPERIMENT 0/30, data=('2997', 0, 54, 0.01, 32), file=damp_conj_7' 
'EXPERIMENT 0/30, data=('2997', 0, 54, 0.01, 32), file=damp_conj_7' 
'EXPERIMENT 0/30, data=('2997', 0, 54, 0.01, 32), file=damp_conj_7' 
'EXPERIMENT 0/30, data=('2997', 0, 54, 0.01, 32), file=damp_conj_7' 
'EXPERIMENT 0/30, data=('2997', 0, 54, 0.01, 32), file=damp_conj_7' 
'EXPERIMENT 0/30, data=('2997', 0, 54, 0.01, 32), file=damp_conj_7' 
'EXPERIMENT 0/30, data=('2997', 0, 54, 0.01, 32), file=damp_conj_7' 
'EXPERIMENT 0/30, data=('2997', 0, 54, 0.01, 32), file=damp_conj_7' 
'EXPERIMENT 0/30, data=('2997', 0, 54, 0.01, 32), file=damp_conj_7' 
'EXPERIMENT 0/30, data=('2997', 0, 54, 0.01, 32), file=damp_conj_7' 
'EXPERIMENT 0/30, data=('2997', 0, 54, 0.01, 32), file=damp_conj_7' 
'EXPERIMENT 0/30, data=('2997', 0, 54, 0.01, 32), file=damp_conj_7' 
'EXPERIMENT 0/30, data=('2997', 0, 54, 0.01, 32), file=damp_conj_7' 
'EXPERIMENT 0/30, data=('2997', 0, 54, 0.01, 32), file=damp_conj_7' 
'EXPERIMENT 0/30, data=('2997', 0, 54, 0.01, 32), file=damp_conj_7' 
'EXPERIMENT 0/30, data=('2997', 0, 54, 0.01, 32), file=damp_conj_7' 
'EXPERIMENT 0/30, data=('2997', 0, 54, 0.01, 32), file=damp_conj_7' 
'EXPERIMENT 0/30, data=('2997', 0, 54, 0.01, 32), file=damp_conj_7' 
'EXPERIMENT 0/30, data=('2997', 0, 54, 0.01, 32), file=damp_conj_7' 
'EXPERIMENT 0/30, data=('2997', 0, 54, 0.01, 32), file=damp_conj_7' 
'EXPERIMENT 0/30, data=('2997', 0, 54, 0.01, 32), file=damp_conj_7' 
'EXPERIMENT 0/30, data=('2997', 0, 54, 0.01, 32), file=damp_conj_7' 
'EXPERIMENT 19/30, data=('3386', 6, 33, 0.001, 32), file=conj_7' 
'EXPERIMENT 20/30, data=('3386', 6, 33, 0.0001, 32), file=conj_7' 
'EXPERIMENT 21/30, data=('3386', 7, 33, 0.01, 32), file=conj_7' 
'EXPERIMENT 1/30, data=('2997', 0, 54, 0.001, 32), file=damp_conj_7' 
'EXPERIMENT 22/30, data=('3386', 7, 33, 0.001, 32), file=conj_7' 
'EXPERIMENT 23/30, data=('3386', 7, 33, 0.0001, 32), file=conj_7' 
'EXPERIMENT 24/30, data=('3386', 8, 33, 0.01, 32), file=conj_7' 
'EXPERIMENT 0/30, data=('2997', 0, 54, 0.01, 32), file=damp_conj_7' 
'EXPERIMENT 0/30, data=('2997', 0, 54, 0.01, 32), file=damp_conj_7' 
'EXPERIMENT 0/30, data=('2997', 0, 54, 0.01, 32), file=damp_conj_7' 
'EXPERIMENT 0/30, data=('2997', 0, 54, 0.01, 32), file=damp_conj_7' 
'EXPERIMENT 0/30, data=('2997', 0, 54, 0.01, 32), file=damp_conj_7' 
'EXPERIMENT 0/30, data=('2997', 0, 54, 0.01, 32), file=damp_conj_7' 
'EXPERIMENT 0/30, data=('2997', 0, 54, 0.01, 32), file=damp_conj_7' 
'EXPERIMENT 0/30, data=('2997', 0, 54, 0.01, 32), file=damp_conj_7' 
'EXPERIMENT 0/30, data=('2997', 0, 54, 0.01, 32), file=damp_conj_7' 
'EXPERIMENT 0/30, data=('2997', 0, 54, 0.01, 32), file=damp_conj_7' 
'EXPERIMENT 0/30, data=('2997', 0, 54, 0.01, 32), file=damp_conj_7' 
'EXPERIMENT 0/30, data=('2997', 0, 54, 0.01, 32), file=damp_conj_7' 
'EXPERIMENT 0/30, data=('2997', 0, 54, 0.01, 32), file=damp_conj_7' 
'EXPERIMENT 0/30, data=('2997', 0, 54, 0.01, 32), file=damp_conj_7' 
'EXPERIMENT 0/30, data=('2997', 0, 54, 0.01, 32), file=damp_conj_7' 
'EXPERIMENT 0/30, data=('2997', 0, 54, 0.01, 32), file=damp_conj_7' 
'EXPERIMENT 0/30, data=('2997', 0, 54, 0.01, 32), file=damp_conj_7' 
'EXPERIMENT 0/30, data=('2997', 0, 54, 0.01, 32), file=damp_conj_7' 
'EXPERIMENT 0/30, data=('2997', 0, 54, 0.01, 32), file=damp_conj_7' 
'EXPERIMENT 0/30, data=('2997', 0, 54, 0.01, 32), file=damp_conj_7' 
'EXPERIMENT 0/30, data=('2997', 0, 54, 0.01, 32), file=damp_conj_7' 
'EXPERIMENT 0/30, data=('2997', 0, 54, 0.01, 32), file=damp_conj_7' 
'EXPERIMENT 0/30, data=('2997', 0, 54, 0.01, 32), file=damp_conj_7' 
'EXPERIMENT 0/30, data=('2997', 0, 54, 0.01, 32), file=damp_conj_7' 
'EXPERIMENT 1/30, data=('2997', 0, 54, 0.001, 32), file=damp_conj_7' 
'EXPERIMENT 2/30, data=('2997', 0, 54, 0.0001, 32), file=damp_conj_7' 
'EXPERIMENT 0/30, data=('2997', 0, 54, 0.01, 32), file=damp_conj_7' 
'EXPERIMENT 1/30, data=('2997', 0, 54, 0.001, 32), file=damp_conj_7' 
'EXPERIMENT 2/30, data=('2997', 0, 54, 0.0001, 32), file=damp_conj_7' 
'EXPERIMENT 0/30, data=('2997', 0, 54, 0.01, 32), file=damp_conj_7' 
'EXPERIMENT 0/30, data=('2997', 0, 54, 0.01, 32), file=damp_conj_7' 
'EXPERIMENT 1/30, data=('2997', 0, 54, 0.001, 32), file=damp_conj_7' 
'EXPERIMENT 2/30, data=('2997', 0, 54, 0.0001, 32), file=damp_conj_7' 
'EXPERIMENT 3/30, data=('2997', 1, 54, 0.01, 32), file=damp_conj_7' 
'EXPERIMENT 4/30, data=('2997', 1, 54, 0.001, 32), file=damp_conj_7' 
'EXPERIMENT 5/30, data=('2997', 1, 54, 0.0001, 32), file=damp_conj_7' 
'EXPERIMENT 6/30, data=('2997', 2, 54, 0.01, 32), file=damp_conj_7' 
'EXPERIMENT 7/30, data=('2997', 2, 54, 0.001, 32), file=damp_conj_7' 
'EXPERIMENT 8/30, data=('2997', 2, 54, 0.0001, 32), file=damp_conj_7' 
'EXPERIMENT 9/30, data=('2997', 3, 54, 0.01, 32), file=damp_conj_7' 
'EXPERIMENT 0/30, data=('2997', 0, 54, 0.01, 32), file=damp_conj_7' 
'EXPERIMENT 1/30, data=('2997', 0, 54, 0.001, 32), file=damp_conj_7' 
'EXPERIMENT 2/30, data=('2997', 0, 54, 0.0001, 32), file=damp_conj_7' 
'EXPERIMENT 3/30, data=('2997', 1, 54, 0.01, 32), file=damp_conj_7' 
'EXPERIMENT 4/30, data=('2997', 1, 54, 0.001, 32), file=damp_conj_7' 
'EXPERIMENT 5/30, data=('2997', 1, 54, 0.0001, 32), file=damp_conj_7' 
'EXPERIMENT 0/40, data=('2997', 0, 54, 1e-05, 32), file=damp_conj_7' 
'EXPERIMENT 1/40, data=('2997', 0, 54, 1e-05, 32), file=damp_conj_7' 
'EXPERIMENT 2/40, data=('2997', 0, 54, 0.0001, 32), file=damp_conj_7' 
'EXPERIMENT 3/40, data=('2997', 0, 54, 0.0001, 32), file=damp_conj_7' 
'EXPERIMENT 4/40, data=('2997', 1, 54, 1e-05, 32), file=damp_conj_7' 
'EXPERIMENT 25/30, data=('3386', 8, 33, 0.001, 32), file=conj_7' 
'EXPERIMENT 5/40, data=('2997', 1, 54, 1e-05, 32), file=damp_conj_7' 
'EXPERIMENT 6/40, data=('2997', 1, 54, 0.0001, 32), file=damp_conj_7' 
'EXPERIMENT 7/40, data=('2997', 1, 54, 0.0001, 32), file=damp_conj_7' 
'EXPERIMENT 8/40, data=('2997', 2, 54, 1e-05, 32), file=damp_conj_7' 
'EXPERIMENT 9/40, data=('2997', 2, 54, 1e-05, 32), file=damp_conj_7' 
'EXPERIMENT 10/40, data=('2997', 2, 54, 0.0001, 32), file=damp_conj_7' 
'EXPERIMENT 11/40, data=('2997', 2, 54, 0.0001, 32), file=damp_conj_7' 
'EXPERIMENT 12/40, data=('2997', 3, 54, 1e-05, 32), file=damp_conj_7' 
'EXPERIMENT 13/40, data=('2997', 3, 54, 1e-05, 32), file=damp_conj_7' 
'EXPERIMENT 14/40, data=('2997', 3, 54, 0.0001, 32), file=damp_conj_7' 
'EXPERIMENT 15/40, data=('2997', 3, 54, 0.0001, 32), file=damp_conj_7' 
'EXPERIMENT 16/40, data=('2997', 4, 54, 1e-05, 32), file=damp_conj_7' 
'EXPERIMENT 17/40, data=('2997', 4, 54, 1e-05, 32), file=damp_conj_7' 
'EXPERIMENT 18/40, data=('2997', 4, 54, 0.0001, 32), file=damp_conj_7' 
'EXPERIMENT 26/30, data=('3386', 8, 33, 0.0001, 32), file=conj_7' 
'EXPERIMENT 19/40, data=('2997', 4, 54, 0.0001, 32), file=damp_conj_7' 
'EXPERIMENT 20/40, data=('2997', 5, 54, 1e-05, 32), file=damp_conj_7' 
'EXPERIMENT 21/40, data=('2997', 5, 54, 1e-05, 32), file=damp_conj_7' 
'EXPERIMENT 22/40, data=('2997', 5, 54, 0.0001, 32), file=damp_conj_7' 
'EXPERIMENT 23/40, data=('2997', 5, 54, 0.0001, 32), file=damp_conj_7' 
'EXPERIMENT 24/40, data=('2997', 6, 54, 1e-05, 32), file=damp_conj_7' 
'EXPERIMENT 25/40, data=('2997', 6, 54, 1e-05, 32), file=damp_conj_7' 
'EXPERIMENT 26/40, data=('2997', 6, 54, 0.0001, 32), file=damp_conj_7' 
'EXPERIMENT 27/40, data=('2997', 6, 54, 0.0001, 32), file=damp_conj_7' 
'EXPERIMENT 28/40, data=('2997', 7, 54, 1e-05, 32), file=damp_conj_7' 
'EXPERIMENT 29/40, data=('2997', 7, 54, 1e-05, 32), file=damp_conj_7' 
'EXPERIMENT 30/40, data=('2997', 7, 54, 0.0001, 32), file=damp_conj_7' 
'EXPERIMENT 31/40, data=('2997', 7, 54, 0.0001, 32), file=damp_conj_7' 
'EXPERIMENT 32/40, data=('2997', 8, 54, 1e-05, 32), file=damp_conj_7' 
'EXPERIMENT 27/30, data=('3386', 9, 33, 0.01, 32), file=conj_7' 
'EXPERIMENT 33/40, data=('2997', 8, 54, 1e-05, 32), file=damp_conj_7' 
'EXPERIMENT 34/40, data=('2997', 8, 54, 0.0001, 32), file=damp_conj_7' 
'EXPERIMENT 35/40, data=('2997', 8, 54, 0.0001, 32), file=damp_conj_7' 
'EXPERIMENT 36/40, data=('2997', 9, 54, 1e-05, 32), file=damp_conj_7' 
'EXPERIMENT 37/40, data=('2997', 9, 54, 1e-05, 32), file=damp_conj_7' 
'EXPERIMENT 38/40, data=('2997', 9, 54, 0.0001, 32), file=damp_conj_7' 
'EXPERIMENT 39/40, data=('2997', 9, 54, 0.0001, 32), file=damp_conj_7' 
'EXPERIMENT 0/420, data=('3358', 0, 32, 1e-05, 32), file=damp_conj_0' 
'EXPERIMENT 0/420, data=('3358', 0, 32, 1e-05, 32), file=damp_conj_0' 
'EXPERIMENT 27/3, data=('3386', 9, 33, 0.01, 32), file=conj_7b' 
'EXPERIMENT 28/3, data=('3386', 9, 33, 0.001, 32), file=conj_7b' 
'EXPERIMENT 29/3, data=('3386', 9, 33, 0.0001, 32), file=conj_7b' 
'EXPERIMENT 0/420, data=('3358', 0, 32, 1e-05, 32), file=damp_conj_0' 
'EXPERIMENT 0/420, data=('3358', 0, 32, 1e-05, 32), file=damp_conj_0' 
'EXPERIMENT 0/420, data=('3358', 0, 32, 1e-05, 32), file=damp_conj_0' 
'EXPERIMENT 1/420, data=('3358', 0, 32, 1e-05, 32), file=damp_conj_0' 
'EXPERIMENT 2/420, data=('3358', 0, 32, 0.0001, 32), file=damp_conj_0' 
'EXPERIMENT 3/420, data=('3358', 0, 32, 0.0001, 32), file=damp_conj_0' 
'EXPERIMENT 4/420, data=('3358', 0, 32, 0.001, 32), file=damp_conj_0' 
'EXPERIMENT 5/420, data=('3358', 0, 32, 0.001, 32), file=damp_conj_0' 
'EXPERIMENT 6/420, data=('3358', 1, 32, 1e-05, 32), file=damp_conj_0' 
'EXPERIMENT 0/420, data=('2821', 0, 35, 1e-05, 32), file=damp_conj_0' 
'EXPERIMENT 1/420, data=('2821', 0, 35, 1e-05, 32), file=damp_conj_0' 
'EXPERIMENT 2/420, data=('2821', 0, 35, 0.0001, 32), file=damp_conj_0' 
'EXPERIMENT 3/420, data=('2821', 0, 35, 0.0001, 32), file=damp_conj_0' 
'EXPERIMENT 4/420, data=('2821', 0, 35, 0.001, 32), file=damp_conj_0' 
'EXPERIMENT 5/420, data=('2821', 0, 35, 0.001, 32), file=damp_conj_0' 
'EXPERIMENT 6/420, data=('2821', 1, 35, 1e-05, 32), file=damp_conj_0' 
'EXPERIMENT 7/420, data=('2821', 1, 35, 1e-05, 32), file=damp_conj_0' 
'EXPERIMENT 0/630, data=('2997', 0, 54, 1e-06, 32), file=damp_conj_0' 
'EXPERIMENT 0/630, data=('2997', 0, 54, 1e-06, 32), file=damp_conj_0' 
'EXPERIMENT 1/630, data=('2997', 0, 54, 1e-06, 32), file=damp_conj_0' 
'EXPERIMENT 2/630, data=('2997', 0, 54, 1e-06, 32), file=damp_conj_0' 
'EXPERIMENT 0/630, data=('2997', 0, 54, 1e-06, 32), file=damp_conj_0' 
'EXPERIMENT 0/210, data=('2997', 0, 54, 1e-06, 32), file=damp_conj_0' 
'EXPERIMENT 1/210, data=('2997', 0, 54, 1e-05, 32), file=damp_conj_0' 
'EXPERIMENT 2/210, data=('2997', 0, 54, 0.0001, 32), file=damp_conj_0' 
'EXPERIMENT 3/210, data=('2997', 1, 54, 1e-06, 32), file=damp_conj_0' 
'EXPERIMENT 4/210, data=('2997', 1, 54, 1e-05, 32), file=damp_conj_0' 
'EXPERIMENT 5/210, data=('2997', 1, 54, 0.0001, 32), file=damp_conj_0' 
'EXPERIMENT 0/80, data=('2997', 0, 54, 1e-06, 32), file=damp_conj_0' 
'EXPERIMENT 1/80, data=('2997', 0, 54, 1e-05, 32), file=damp_conj_0' 
'EXPERIMENT 2/80, data=('2997', 0, 54, 0.0001, 32), file=damp_conj_0' 
'EXPERIMENT 3/80, data=('2997', 0, 54, 0.001, 32), file=damp_conj_0' 
'EXPERIMENT 4/80, data=('2997', 1, 54, 1e-06, 32), file=damp_conj_0' 
'EXPERIMENT 5/80, data=('2997', 1, 54, 1e-05, 32), file=damp_conj_0' 
'EXPERIMENT 0/80, data=('2997', 0, 54, 1e-05, 32), file=damp_conj_0' 
'EXPERIMENT 0/120, data=('2997', 0, 54, 1e-05, 32), file=damp_conj_0a' 
'EXPERIMENT 1/120, data=('2997', 0, 54, 0.0001, 32), file=damp_conj_0a' 
'EXPERIMENT 2/120, data=('2997', 0, 54, 0.001, 32), file=damp_conj_0a' 
'EXPERIMENT 3/120, data=('2997', 0, 54, 0.01, 32), file=damp_conj_0a' 
'EXPERIMENT 4/120, data=('2997', 1, 54, 1e-05, 32), file=damp_conj_0a' 
'EXPERIMENT 5/120, data=('2997', 1, 54, 0.0001, 32), file=damp_conj_0a' 
'EXPERIMENT 6/120, data=('2997', 1, 54, 0.001, 32), file=damp_conj_0a' 
'EXPERIMENT 7/120, data=('2997', 1, 54, 0.01, 32), file=damp_conj_0a' 
'EXPERIMENT 8/120, data=('2997', 2, 54, 1e-05, 32), file=damp_conj_0a' 
'EXPERIMENT 9/120, data=('2997', 2, 54, 0.0001, 32), file=damp_conj_0a' 
'EXPERIMENT 10/120, data=('2997', 2, 54, 0.001, 32), file=damp_conj_0a' 
'EXPERIMENT 11/120, data=('2997', 2, 54, 0.01, 32), file=damp_conj_0a' 
'EXPERIMENT 12/120, data=('2997', 3, 54, 1e-05, 32), file=damp_conj_0a' 
'EXPERIMENT 13/120, data=('2997', 3, 54, 0.0001, 32), file=damp_conj_0a' 
'EXPERIMENT 0/120, data=('2997', 0, 54, 1e-05, 32), file=damp_conj_0a' 
'EXPERIMENT 1/120, data=('2997', 0, 54, 0.0001, 32), file=damp_conj_0a' 
'EXPERIMENT 2/120, data=('2997', 0, 54, 0.001, 32), file=damp_conj_0a' 
'EXPERIMENT 3/120, data=('2997', 0, 54, 0.01, 32), file=damp_conj_0a' 
'EXPERIMENT 4/120, data=('2997', 1, 54, 1e-05, 32), file=damp_conj_0a' 
'EXPERIMENT 5/120, data=('2997', 1, 54, 0.0001, 32), file=damp_conj_0a' 
'EXPERIMENT 6/120, data=('2997', 1, 54, 0.001, 32), file=damp_conj_0a' 
'EXPERIMENT 7/120, data=('2997', 1, 54, 0.01, 32), file=damp_conj_0a' 
'EXPERIMENT 8/120, data=('2997', 2, 54, 1e-05, 32), file=damp_conj_0a' 
'EXPERIMENT 9/120, data=('2997', 2, 54, 0.0001, 32), file=damp_conj_0a' 
'EXPERIMENT 10/120, data=('2997', 2, 54, 0.001, 32), file=damp_conj_0a' 
'EXPERIMENT 11/120, data=('2997', 2, 54, 0.01, 32), file=damp_conj_0a' 
'EXPERIMENT 12/120, data=('2997', 3, 54, 1e-05, 32), file=damp_conj_0a' 
'EXPERIMENT 13/120, data=('2997', 3, 54, 0.0001, 32), file=damp_conj_0a' 
'EXPERIMENT 14/120, data=('2997', 3, 54, 0.001, 32), file=damp_conj_0a' 
'EXPERIMENT 15/120, data=('2997', 3, 54, 0.01, 32), file=damp_conj_0a' 
'EXPERIMENT 16/120, data=('2997', 4, 54, 1e-05, 32), file=damp_conj_0a' 
'EXPERIMENT 17/120, data=('2997', 4, 54, 0.0001, 32), file=damp_conj_0a' 
'EXPERIMENT 18/120, data=('2997', 4, 54, 0.001, 32), file=damp_conj_0a' 
'EXPERIMENT 19/120, data=('2997', 4, 54, 0.01, 32), file=damp_conj_0a' 
'EXPERIMENT 20/120, data=('2997', 5, 54, 1e-05, 32), file=damp_conj_0a' 
'EXPERIMENT 21/120, data=('2997', 5, 54, 0.0001, 32), file=damp_conj_0a' 
'EXPERIMENT 22/120, data=('2997', 5, 54, 0.001, 32), file=damp_conj_0a' 
'EXPERIMENT 23/120, data=('2997', 5, 54, 0.01, 32), file=damp_conj_0a' 
'EXPERIMENT 24/120, data=('2997', 6, 54, 1e-05, 32), file=damp_conj_0a' 
'EXPERIMENT 25/120, data=('2997', 6, 54, 0.0001, 32), file=damp_conj_0a' 
'EXPERIMENT 26/120, data=('2997', 6, 54, 0.001, 32), file=damp_conj_0a' 
'EXPERIMENT 27/120, data=('2997', 6, 54, 0.01, 32), file=damp_conj_0a' 
'EXPERIMENT 28/120, data=('2997', 7, 54, 1e-05, 32), file=damp_conj_0a' 
'EXPERIMENT 29/120, data=('2997', 7, 54, 0.0001, 32), file=damp_conj_0a' 
'EXPERIMENT 30/120, data=('2997', 7, 54, 0.001, 32), file=damp_conj_0a' 
'EXPERIMENT 31/120, data=('2997', 7, 54, 0.01, 32), file=damp_conj_0a' 
'EXPERIMENT 32/120, data=('2997', 8, 54, 1e-05, 32), file=damp_conj_0a' 
'EXPERIMENT 33/120, data=('2997', 8, 54, 0.0001, 32), file=damp_conj_0a' 
'EXPERIMENT 34/120, data=('2997', 8, 54, 0.001, 32), file=damp_conj_0a' 
'EXPERIMENT 35/120, data=('2997', 8, 54, 0.01, 32), file=damp_conj_0a' 
'EXPERIMENT 36/120, data=('2997', 9, 54, 1e-05, 32), file=damp_conj_0a' 
'EXPERIMENT 37/120, data=('2997', 9, 54, 0.0001, 32), file=damp_conj_0a' 
'EXPERIMENT 38/120, data=('2997', 9, 54, 0.001, 32), file=damp_conj_0a' 
'EXPERIMENT 39/120, data=('2997', 9, 54, 0.01, 32), file=damp_conj_0a' 
'EXPERIMENT 40/120, data=('2261', 0, 31, 1e-05, 32), file=damp_conj_0a' 
'EXPERIMENT 41/120, data=('2261', 0, 31, 0.0001, 32), file=damp_conj_0a' 
'EXPERIMENT 42/120, data=('2261', 0, 31, 0.001, 32), file=damp_conj_0a' 
'EXPERIMENT 43/120, data=('2261', 0, 31, 0.01, 32), file=damp_conj_0a' 
'EXPERIMENT 0/120, data=('2261', 0, 31, 1e-05, 32), file=damp_conj_0b' 
'EXPERIMENT 0/120, data=('2261', 0, 31, 1e-05, 32), file=damp_conj_0b' 
'EXPERIMENT 0/120, data=('2261', 0, 31, 1e-05, 32), file=damp_conj_0b' 
'EXPERIMENT 0/120, data=('2261', 0, 31, 1e-05, 32), file=damp_conj_0b' 
'EXPERIMENT 0/120, data=('2261', 0, 31, 1e-05, 32), file=damp_conj_0b' 
'EXPERIMENT 0/120, data=('2261', 0, 31, 1e-05, 32), file=damp_conj_0b' 
'EXPERIMENT 0/120, data=('2261', 0, 31, 1e-05, 32), file=damp_conj_0b' 
'EXPERIMENT 1/120, data=('2261', 0, 31, 0.0001, 32), file=damp_conj_0b' 
'EXPERIMENT 2/120, data=('2261', 0, 31, 0.001, 32), file=damp_conj_0b' 
'EXPERIMENT 3/120, data=('2261', 0, 31, 0.01, 32), file=damp_conj_0b' 
'EXPERIMENT 4/120, data=('2261', 1, 31, 1e-05, 32), file=damp_conj_0b' 
'EXPERIMENT 5/120, data=('2261', 1, 31, 0.0001, 32), file=damp_conj_0b' 
'EXPERIMENT 6/120, data=('2261', 1, 31, 0.001, 32), file=damp_conj_0b' 
'EXPERIMENT 7/120, data=('2261', 1, 31, 0.01, 32), file=damp_conj_0b' 
'EXPERIMENT 8/120, data=('2261', 2, 31, 1e-05, 32), file=damp_conj_0b' 
'EXPERIMENT 9/120, data=('2261', 2, 31, 0.0001, 32), file=damp_conj_0b' 
'EXPERIMENT 10/120, data=('2261', 2, 31, 0.001, 32), file=damp_conj_0b' 
'EXPERIMENT 11/120, data=('2261', 2, 31, 0.01, 32), file=damp_conj_0b' 
'EXPERIMENT 12/120, data=('2261', 3, 31, 1e-05, 32), file=damp_conj_0b' 
'EXPERIMENT 13/120, data=('2261', 3, 31, 0.0001, 32), file=damp_conj_0b' 
'EXPERIMENT 14/120, data=('2261', 3, 31, 0.001, 32), file=damp_conj_0b' 
'EXPERIMENT 0/120, data=('2261', 0, 31, 1e-05, 32), file=multiset_0' 
'EXPERIMENT 1/120, data=('2261', 0, 31, 0.0001, 32), file=multiset_0' 
'EXPERIMENT 2/120, data=('2261', 0, 31, 0.001, 32), file=multiset_0' 
'EXPERIMENT 3/120, data=('2261', 0, 31, 0.01, 32), file=multiset_0' 
'EXPERIMENT 0/120, data=('2261', 0, 31, 1e-05, 32), file=multiset_0' 
'EXPERIMENT 1/120, data=('2261', 0, 31, 0.0001, 32), file=multiset_0' 
'EXPERIMENT 2/120, data=('2261', 0, 31, 0.001, 32), file=multiset_0' 
'EXPERIMENT 3/120, data=('2261', 0, 31, 0.01, 32), file=multiset_0' 
'EXPERIMENT 4/120, data=('2261', 1, 31, 1e-05, 32), file=multiset_0' 
'EXPERIMENT 5/120, data=('2261', 1, 31, 0.0001, 32), file=multiset_0' 
'EXPERIMENT 6/120, data=('2261', 1, 31, 0.001, 32), file=multiset_0' 
'EXPERIMENT 7/120, data=('2261', 1, 31, 0.01, 32), file=multiset_0' 
'EXPERIMENT 8/120, data=('2261', 2, 31, 1e-05, 32), file=multiset_0' 
'EXPERIMENT 9/120, data=('2261', 2, 31, 0.0001, 32), file=multiset_0' 
'EXPERIMENT 10/120, data=('2261', 2, 31, 0.001, 32), file=multiset_0' 
'EXPERIMENT 11/120, data=('2261', 2, 31, 0.01, 32), file=multiset_0' 
'EXPERIMENT 12/120, data=('2261', 3, 31, 1e-05, 32), file=multiset_0' 
'EXPERIMENT 13/120, data=('2261', 3, 31, 0.0001, 32), file=multiset_0' 
'EXPERIMENT 14/120, data=('2261', 3, 31, 0.001, 32), file=multiset_0' 
'EXPERIMENT 15/120, data=('2261', 3, 31, 0.01, 32), file=multiset_0' 
'EXPERIMENT 16/120, data=('2261', 4, 31, 1e-05, 32), file=multiset_0' 
'EXPERIMENT 17/120, data=('2261', 4, 31, 0.0001, 32), file=multiset_0' 
'EXPERIMENT 18/120, data=('2261', 4, 31, 0.001, 32), file=multiset_0' 
'EXPERIMENT 19/120, data=('2261', 4, 31, 0.01, 32), file=multiset_0' 
'EXPERIMENT 20/120, data=('2261', 5, 31, 1e-05, 32), file=multiset_0' 
'EXPERIMENT 21/120, data=('2261', 5, 31, 0.0001, 32), file=multiset_0' 
'EXPERIMENT 21/99, data=('2261', 5, 31, 0.0001, 32), file=multiset_0, date=2022-02-09 08:36:22.470635' 
'EXPERIMENT 22/99, data=('2261', 5, 31, 0.001, 32), file=multiset_0, date=2022-02-09 08:50:25.868694' 
'EXPERIMENT 0/120, data=('2261', 0, 31, 1e-05, 32), file=multiset_0, date=2022-02-09 08:54:44.012195' 
'EXPERIMENT 1/120, data=('2261', 0, 31, 0.0001, 32), file=multiset_0, date=2022-02-09 09:02:13.008278' 
'EXPERIMENT 2/120, data=('2261', 0, 31, 0.001, 32), file=multiset_0, date=2022-02-09 09:07:56.650819' 
'EXPERIMENT 3/120, data=('2261', 0, 31, 0.01, 32), file=multiset_0, date=2022-02-09 09:17:59.591548' 
'EXPERIMENT 4/120, data=('2261', 1, 31, 1e-05, 32), file=multiset_0, date=2022-02-09 09:24:37.380630' 
'EXPERIMENT 5/120, data=('2261', 1, 31, 0.0001, 32), file=multiset_0, date=2022-02-09 09:32:18.171440' 
'EXPERIMENT 6/120, data=('2261', 1, 31, 0.001, 32), file=multiset_0, date=2022-02-09 09:38:12.318208' 
'EXPERIMENT 7/120, data=('2261', 1, 31, 0.01, 32), file=multiset_0, date=2022-02-09 09:47:12.246758' 
'EXPERIMENT 8/120, data=('2261', 2, 31, 1e-05, 32), file=multiset_0, date=2022-02-09 09:55:29.850938' 
'EXPERIMENT 9/120, data=('2261', 2, 31, 0.0001, 32), file=multiset_0, date=2022-02-09 10:02:48.590838' 
'EXPERIMENT 10/120, data=('2261', 2, 31, 0.001, 32), file=multiset_0, date=2022-02-09 10:09:06.436283' 
'EXPERIMENT 11/120, data=('2261', 2, 31, 0.01, 32), file=multiset_0, date=2022-02-09 10:18:20.737719' 
'EXPERIMENT 12/120, data=('2261', 3, 31, 1e-05, 32), file=multiset_0, date=2022-02-09 10:25:37.579195' 
'EXPERIMENT 13/120, data=('2261', 3, 31, 0.0001, 32), file=multiset_0, date=2022-02-09 10:32:34.414902' 
'EXPERIMENT 14/120, data=('2261', 3, 31, 0.001, 32), file=multiset_0, date=2022-02-09 10:38:26.324367' 
'EXPERIMENT 15/120, data=('2261', 3, 31, 0.01, 32), file=multiset_0, date=2022-02-09 10:46:16.216074' 
'EXPERIMENT 16/120, data=('2261', 4, 31, 1e-05, 32), file=multiset_0, date=2022-02-09 10:52:35.981004' 
'EXPERIMENT 17/120, data=('2261', 4, 31, 0.0001, 32), file=multiset_0, date=2022-02-09 11:00:08.056675' 
'EXPERIMENT 18/120, data=('2261', 4, 31, 0.001, 32), file=multiset_0, date=2022-02-09 11:06:05.184220' 
'EXPERIMENT 19/120, data=('2261', 4, 31, 0.01, 32), file=multiset_0, date=2022-02-09 11:16:44.188339' 
'EXPERIMENT 20/120, data=('2261', 5, 31, 1e-05, 32), file=multiset_0, date=2022-02-09 11:24:07.099174' 
'EXPERIMENT 21/120, data=('2261', 5, 31, 0.0001, 32), file=multiset_0, date=2022-02-09 11:31:44.305545' 
'EXPERIMENT 22/120, data=('2261', 5, 31, 0.001, 32), file=multiset_0, date=2022-02-09 11:37:27.679044' 
'EXPERIMENT 23/120, data=('2261', 5, 31, 0.01, 32), file=multiset_0, date=2022-02-09 11:46:29.014191' 
'EXPERIMENT 24/120, data=('2261', 6, 31, 1e-05, 32), file=multiset_0, date=2022-02-09 11:53:01.320484' 
'EXPERIMENT 25/120, data=('2261', 6, 31, 0.0001, 32), file=multiset_0, date=2022-02-09 12:00:50.593326' 
'EXPERIMENT 26/120, data=('2261', 6, 31, 0.001, 32), file=multiset_0, date=2022-02-09 12:06:39.143137' 
'EXPERIMENT 27/120, data=('2261', 6, 31, 0.01, 32), file=multiset_0, date=2022-02-09 12:15:56.570327' 
'EXPERIMENT 28/120, data=('2261', 7, 31, 1e-05, 32), file=multiset_0, date=2022-02-09 12:23:26.524850' 
'EXPERIMENT 0/150, data=('2261', 0, 31, 1e-05, 32), file=multiset_0, date=2022-02-09 12:27:09.256986' 
'EXPERIMENT 0/150, data=('2261', 0, 31, 1e-05, 32), file=multiset_0, date=2022-02-09 12:30:29.033663' 
'EXPERIMENT 0/150, data=('2261', 0, 31, 1e-05, 32), file=multiset_0, date=2022-02-09 12:44:26.475986' 
'EXPERIMENT 0/150, data=('2261', 0, 31, 1e-05, 32), file=multiset_0, date=2022-02-09 12:52:05.365598' 
'EXPERIMENT 0/150, data=('2261', 0, 31, 1e-05, 32), file=multiset_0, date=2022-02-09 12:58:06.782385' 
'EXPERIMENT 0/150, data=('2261', 0, 31, 1e-05, 32), file=multiset_0, date=2022-02-09 13:03:21.351290' 
'EXPERIMENT 1/150, data=('2261', 0, 31, 0.0001, 32), file=multiset_0, date=2022-02-09 13:08:33.512268' 
'EXPERIMENT 2/150, data=('2261', 0, 31, 0.001, 32), file=multiset_0, date=2022-02-09 13:11:55.872227' 
'EXPERIMENT 3/150, data=('2261', 0, 31, 0.01, 32), file=multiset_0, date=2022-02-09 13:17:25.534685' 
'EXPERIMENT 0/150, data=('2261', 0, 31, 1e-05, 32), file=multiset_0, date=2022-02-09 13:19:16.332432' 
'EXPERIMENT 0/30, data=('2261', 0, 31, 0.0001, 32), file=multiset_0, date=2022-02-09 13:25:33.955449' 
'EXPERIMENT 1/30, data=('2261', 1, 31, 0.0001, 32), file=multiset_0, date=2022-02-09 13:36:11.420878' 
'EXPERIMENT 2/30, data=('2261', 2, 31, 0.0001, 32), file=multiset_0, date=2022-02-09 13:47:24.992743' 
'EXPERIMENT 3/30, data=('2261', 3, 31, 0.0001, 32), file=multiset_0, date=2022-02-09 13:58:24.391321' 
'EXPERIMENT 4/30, data=('2261', 4, 31, 0.0001, 32), file=multiset_0, date=2022-02-09 14:09:45.369206' 
'EXPERIMENT 5/30, data=('2261', 5, 31, 0.0001, 32), file=multiset_0, date=2022-02-09 14:21:11.554382' 
'EXPERIMENT 6/30, data=('2261', 6, 31, 0.0001, 32), file=multiset_0, date=2022-02-09 14:32:35.579879' 
'EXPERIMENT 7/30, data=('2261', 7, 31, 0.0001, 32), file=multiset_0, date=2022-02-09 14:44:14.373206' 
'EXPERIMENT 8/30, data=('2261', 8, 31, 0.0001, 32), file=multiset_0, date=2022-02-09 14:55:36.461870' 
'EXPERIMENT 9/30, data=('2261', 9, 31, 0.0001, 32), file=multiset_0, date=2022-02-09 15:07:14.692131' 
'EXPERIMENT 10/30, data=('2997', 0, 54, 0.0001, 32), file=multiset_0, date=2022-02-09 15:19:10.457155' 
'EXPERIMENT 11/30, data=('2997', 1, 54, 0.0001, 32), file=multiset_0, date=2022-02-09 15:26:41.983934' 
'EXPERIMENT 12/30, data=('2997', 2, 54, 0.0001, 32), file=multiset_0, date=2022-02-09 15:34:35.879582' 
'EXPERIMENT 13/30, data=('2997', 3, 54, 0.0001, 32), file=multiset_0, date=2022-02-09 15:43:19.012309' 
'EXPERIMENT 14/30, data=('2997', 4, 54, 0.0001, 32), file=multiset_0, date=2022-02-09 15:51:34.602035' 
'EXPERIMENT 15/30, data=('2997', 5, 54, 0.0001, 32), file=multiset_0, date=2022-02-09 15:59:36.268523' 
'EXPERIMENT 16/30, data=('2997', 6, 54, 0.0001, 32), file=multiset_0, date=2022-02-09 16:07:31.567105' 
'EXPERIMENT 17/30, data=('2997', 7, 54, 0.0001, 32), file=multiset_0, date=2022-02-09 16:14:20.899880' 
'EXPERIMENT 0/30, data=('2261', 0, 31, 0.0001, 32), file=multiset_0, date=2022-02-09 16:17:38.724994' 
'EXPERIMENT 0/150, data=('2261', 0, 31, 1e-05, 32), file=multiset_0, date=2022-02-09 16:22:36.117146' 
'EXPERIMENT 1/150, data=('2261', 0, 31, 0.0001, 32), file=multiset_0, date=2022-02-09 16:32:31.728542' 
'EXPERIMENT 2/150, data=('2261', 0, 31, 0.001, 32), file=multiset_0, date=2022-02-09 16:40:11.399423' 
'EXPERIMENT 3/150, data=('2261', 0, 31, 0.01, 32), file=multiset_0, date=2022-02-09 16:52:42.905696' 
'EXPERIMENT 4/150, data=('2261', 0, 31, 0.1, 32), file=multiset_0, date=2022-02-09 17:03:39.724769' 
'EXPERIMENT 5/150, data=('2261', 1, 31, 1e-05, 32), file=multiset_0, date=2022-02-09 17:11:56.313826' 
'EXPERIMENT 6/150, data=('2261', 1, 31, 0.0001, 32), file=multiset_0, date=2022-02-09 17:21:12.408146' 
'EXPERIMENT 0/150, data=('2261', 0, 31, 1e-05, 32), file=multiset_0, date=2022-02-09 17:26:49.792195' 
'EXPERIMENT 0/150, data=('2261', 0, 31, 1e-05, 32), file=multiset_0, date=2022-02-09 17:27:10.753528' 
'EXPERIMENT 0/150, data=('2261', 0, 31, 1e-05, 32), file=multiset_0, date=2022-02-09 17:27:24.864058' 
'EXPERIMENT 1/150, data=('2261', 0, 31, 0.0001, 32), file=multiset_0, date=2022-02-09 17:43:00.019331' 
'EXPERIMENT 2/150, data=('2261', 0, 31, 0.001, 32), file=multiset_0, date=2022-02-09 17:56:32.062077' 
'EXPERIMENT 3/150, data=('2261', 0, 31, 0.01, 32), file=multiset_0, date=2022-02-09 18:20:14.557280' 
'EXPERIMENT 0/150, data=('2261', 0, 31, 1e-05, 32), file=multiset_0, date=2022-02-09 18:29:42.352297' 
'EXPERIMENT 0/200, data=('3386', 0, 33, 1e-05, 32), file=multiset_0, date=2022-02-09 18:30:41.711962' 
'EXPERIMENT 1/200, data=('3386', 0, 33, 0.0001, 32), file=multiset_0, date=2022-02-09 19:14:08.615926' 
'EXPERIMENT 2/200, data=('3386', 0, 33, 0.001, 32), file=multiset_0, date=2022-02-09 19:40:45.786568' 
'EXPERIMENT 3/200, data=('3386', 0, 33, 0.01, 32), file=multiset_0, date=2022-02-09 20:09:37.171837' 
'EXPERIMENT 4/200, data=('3386', 0, 33, 0.1, 32), file=multiset_0, date=2022-02-09 20:35:23.474023' 
'EXPERIMENT 5/200, data=('3386', 1, 33, 1e-05, 32), file=multiset_0, date=2022-02-09 20:55:43.643222' 
'EXPERIMENT 6/200, data=('3386', 1, 33, 0.0001, 32), file=multiset_0, date=2022-02-09 21:36:35.309772' 
'EXPERIMENT 7/200, data=('3386', 1, 33, 0.001, 32), file=multiset_0, date=2022-02-09 22:05:45.092163' 
'EXPERIMENT 8/200, data=('3386', 1, 33, 0.01, 32), file=multiset_0, date=2022-02-09 22:31:48.593250' 
'EXPERIMENT 9/200, data=('3386', 1, 33, 0.1, 32), file=multiset_0, date=2022-02-09 22:56:06.116406' 
'EXPERIMENT 10/200, data=('3386', 2, 33, 1e-05, 32), file=multiset_0, date=2022-02-09 23:16:33.240263' 
'EXPERIMENT 11/200, data=('3386', 2, 33, 0.0001, 32), file=multiset_0, date=2022-02-09 23:51:29.841130' 
'EXPERIMENT 12/200, data=('3386', 2, 33, 0.001, 32), file=multiset_0, date=2022-02-10 00:15:15.888232' 
'EXPERIMENT 13/200, data=('3386', 2, 33, 0.01, 32), file=multiset_0, date=2022-02-10 00:43:17.333759' 
'EXPERIMENT 14/200, data=('3386', 2, 33, 0.1, 32), file=multiset_0, date=2022-02-10 01:08:05.361684' 
'EXPERIMENT 15/200, data=('3386', 3, 33, 1e-05, 32), file=multiset_0, date=2022-02-10 01:29:22.678926' 
'EXPERIMENT 16/200, data=('3386', 3, 33, 0.0001, 32), file=multiset_0, date=2022-02-10 02:12:54.939140' 
'EXPERIMENT 17/200, data=('3386', 3, 33, 0.001, 32), file=multiset_0, date=2022-02-10 02:37:10.999943' 
'EXPERIMENT 18/200, data=('3386', 3, 33, 0.01, 32), file=multiset_0, date=2022-02-10 03:05:52.669731' 
'EXPERIMENT 19/200, data=('3386', 3, 33, 0.1, 32), file=multiset_0, date=2022-02-10 03:31:33.941350' 
'EXPERIMENT 20/200, data=('3386', 4, 33, 1e-05, 32), file=multiset_0, date=2022-02-10 03:51:11.589550' 
'EXPERIMENT 21/200, data=('3386', 4, 33, 0.0001, 32), file=multiset_0, date=2022-02-10 04:30:58.678459' 
'EXPERIMENT 22/200, data=('3386', 4, 33, 0.001, 32), file=multiset_0, date=2022-02-10 04:55:08.795606' 
'EXPERIMENT 23/200, data=('3386', 4, 33, 0.01, 32), file=multiset_0, date=2022-02-10 05:24:13.318375' 
'EXPERIMENT 24/200, data=('3386', 4, 33, 0.1, 32), file=multiset_0, date=2022-02-10 05:49:12.081510' 
'EXPERIMENT 25/200, data=('3386', 5, 33, 1e-05, 32), file=multiset_0, date=2022-02-10 06:09:20.806742' 
'EXPERIMENT 26/200, data=('3386', 5, 33, 0.0001, 32), file=multiset_0, date=2022-02-10 06:48:54.222689' 
'EXPERIMENT 27/200, data=('3386', 5, 33, 0.001, 32), file=multiset_0, date=2022-02-10 07:13:53.861052' 
'EXPERIMENT 28/200, data=('3386', 5, 33, 0.01, 32), file=multiset_0, date=2022-02-10 07:39:07.462663' 
'EXPERIMENT 29/200, data=('3386', 5, 33, 0.1, 32), file=multiset_0, date=2022-02-10 08:07:10.903822' 
'EXPERIMENT 30/200, data=('3386', 6, 33, 1e-05, 32), file=multiset_0, date=2022-02-10 08:28:09.223580' 
'EXPERIMENT 31/200, data=('3386', 6, 33, 0.0001, 32), file=multiset_0, date=2022-02-10 09:09:33.922411' 
'EXPERIMENT 32/200, data=('3386', 6, 33, 0.001, 32), file=multiset_0, date=2022-02-10 09:35:16.576288' 
'EXPERIMENT 32/318, data=('3386', 6, 33, 0.001, 32), file=multiset_0b, date=2022-02-10 09:42:55.818407' 
